TN:
SF:src/classes/Compra.mjs
FN:22,<instance_members_initializer>
FN:34,Compra
FN:49,agregarPersona
FN:50,anonymous_3
FN:55,verPersonas
FN:63,verSiContienePersona
FN:64,anonymous_6
FN:70,quitarPersona
FN:71,anonymous_8
FN:78,quitarTodasLasPersonas
FN:88,agregarItem
FN:89,anonymous_11
FN:98,verItems
FN:106,contieneGasto
FN:107,anonymous_14
FN:113,modificarPrecioUnitarioItem
FN:114,anonymous_16
FN:123,marcarItemComoCompartido
FN:124,anonymous_18
FN:133,marcarItemComoNoCompartido
FN:143,eliminarItem
FN:144,anonymous_21
FN:151,eliminarTodosLosItems
FN:160,aumentarConsumicion
FN:161,anonymous_24
FN:164,anonymous_25
FN:173,reducirConsumicion
FN:174,anonymous_27
FN:177,anonymous_28
FN:186,eliminarConsumicionesDeUnaPersona
FN:192,eliminarTodasLasConsumiciones
FN:199,verResumenDeudas
FN:210,toPOJO
FN:213,anonymous_33
FN:214,anonymous_34
FN:222,fromPOJO
FN:225,anonymous_36
FN:226,anonymous_37
FNDA:111,<instance_members_initializer>
FNDA:111,Compra
FNDA:23,agregarPersona
FNDA:6,anonymous_3
FNDA:4,verPersonas
FNDA:2,verSiContienePersona
FNDA:1,anonymous_6
FNDA:6,quitarPersona
FNDA:6,anonymous_8
FNDA:3,quitarTodasLasPersonas
FNDA:21,agregarItem
FNDA:3,anonymous_11
FNDA:0,verItems
FNDA:8,contieneGasto
FNDA:3,anonymous_14
FNDA:2,modificarPrecioUnitarioItem
FNDA:2,anonymous_16
FNDA:1,marcarItemComoCompartido
FNDA:1,anonymous_18
FNDA:0,marcarItemComoNoCompartido
FNDA:6,eliminarItem
FNDA:6,anonymous_21
FNDA:3,eliminarTodosLosItems
FNDA:19,aumentarConsumicion
FNDA:26,anonymous_24
FNDA:21,anonymous_25
FNDA:1,reducirConsumicion
FNDA:2,anonymous_27
FNDA:1,anonymous_28
FNDA:6,eliminarConsumicionesDeUnaPersona
FNDA:3,eliminarTodasLasConsumiciones
FNDA:9,verResumenDeudas
FNDA:111,toPOJO
FNDA:86,anonymous_33
FNDA:55,anonymous_34
FNDA:85,fromPOJO
FNDA:75,anonymous_36
FNDA:45,anonymous_37
FNF:38
FNH:36
BRDA:1,0,0,2
BRDA:22,1,0,111
BRDA:34,2,0,111
BRDA:39,3,0,26
BRDA:40,4,0,26
BRDA:41,5,0,26
BRDA:49,6,0,23
BRDA:51,7,0,0
BRDA:50,8,0,6
BRDA:55,9,0,4
BRDA:63,10,0,2
BRDA:64,11,0,1
BRDA:70,12,0,6
BRDA:72,13,0,0
BRDA:71,14,0,6
BRDA:78,15,0,3
BRDA:88,16,0,21
BRDA:90,17,0,0
BRDA:89,18,0,3
BRDA:106,19,0,8
BRDA:107,20,0,3
BRDA:113,21,0,2
BRDA:115,22,0,0
BRDA:114,23,0,2
BRDA:123,24,0,1
BRDA:125,25,0,0
BRDA:124,26,0,1
BRDA:143,27,0,6
BRDA:145,28,0,0
BRDA:144,29,0,6
BRDA:151,30,0,3
BRDA:160,31,0,19
BRDA:162,32,0,0
BRDA:165,33,0,0
BRDA:161,34,0,26
BRDA:164,35,0,21
BRDA:173,36,0,1
BRDA:175,37,0,0
BRDA:178,38,0,0
BRDA:174,39,0,2
BRDA:177,40,0,1
BRDA:186,41,0,6
BRDA:187,42,0,2
BRDA:192,43,0,3
BRDA:193,44,0,1
BRDA:199,45,0,9
BRDA:201,46,0,7
BRDA:210,47,0,111
BRDA:213,48,0,86
BRDA:214,49,0,55
BRDA:222,50,0,85
BRDA:225,51,0,75
BRDA:226,52,0,45
BRF:53
BRH:43
DA:1,2
DA:2,2
DA:3,2
DA:4,2
DA:5,2
DA:6,2
DA:7,2
DA:8,2
DA:9,2
DA:10,2
DA:11,2
DA:12,2
DA:13,2
DA:14,2
DA:15,2
DA:16,2
DA:17,2
DA:18,2
DA:19,2
DA:20,2
DA:21,2
DA:22,2
DA:23,111
DA:24,111
DA:25,111
DA:26,111
DA:27,111
DA:28,111
DA:29,111
DA:30,111
DA:31,111
DA:32,111
DA:33,111
DA:34,111
DA:35,111
DA:36,111
DA:37,111
DA:38,111
DA:39,111
DA:40,111
DA:41,111
DA:42,111
DA:43,111
DA:44,111
DA:45,111
DA:46,111
DA:47,111
DA:48,111
DA:49,111
DA:50,23
DA:51,23
DA:52,23
DA:53,23
DA:54,111
DA:55,111
DA:56,4
DA:57,4
DA:58,111
DA:59,111
DA:60,111
DA:61,111
DA:62,111
DA:63,111
DA:64,2
DA:65,2
DA:66,111
DA:67,111
DA:68,111
DA:69,111
DA:70,111
DA:71,6
DA:72,6
DA:73,6
DA:74,6
DA:75,6
DA:76,6
DA:77,111
DA:78,111
DA:79,3
DA:80,3
DA:81,3
DA:82,111
DA:83,111
DA:84,111
DA:85,111
DA:86,111
DA:87,111
DA:88,111
DA:89,21
DA:90,21
DA:91,21
DA:92,21
DA:93,21
DA:94,21
DA:95,21
DA:96,21
DA:97,111
DA:98,111
DA:99,0
DA:100,0
DA:101,111
DA:102,111
DA:103,111
DA:104,111
DA:105,111
DA:106,111
DA:107,8
DA:108,8
DA:109,111
DA:110,111
DA:111,111
DA:112,111
DA:113,111
DA:114,2
DA:115,2
DA:116,2
DA:117,2
DA:118,2
DA:119,111
DA:120,111
DA:121,111
DA:122,111
DA:123,111
DA:124,1
DA:125,1
DA:126,1
DA:127,1
DA:128,1
DA:129,111
DA:130,111
DA:131,111
DA:132,111
DA:133,111
DA:134,0
DA:135,0
DA:136,0
DA:137,0
DA:138,0
DA:139,111
DA:140,111
DA:141,111
DA:142,111
DA:143,111
DA:144,6
DA:145,6
DA:146,6
DA:147,6
DA:148,6
DA:149,6
DA:150,111
DA:151,111
DA:152,3
DA:153,3
DA:154,111
DA:155,111
DA:156,111
DA:157,111
DA:158,111
DA:159,111
DA:160,111
DA:161,19
DA:162,19
DA:163,19
DA:164,19
DA:165,19
DA:166,19
DA:167,19
DA:168,19
DA:169,111
DA:170,111
DA:171,111
DA:172,111
DA:173,111
DA:174,1
DA:175,1
DA:176,1
DA:177,1
DA:178,1
DA:179,1
DA:180,1
DA:181,1
DA:182,111
DA:183,111
DA:184,111
DA:185,111
DA:186,111
DA:187,6
DA:188,2
DA:189,2
DA:190,6
DA:191,111
DA:192,111
DA:193,3
DA:194,1
DA:195,1
DA:196,3
DA:197,111
DA:198,111
DA:199,111
DA:200,9
DA:201,9
DA:202,7
DA:203,7
DA:204,9
DA:205,9
DA:206,111
DA:207,111
DA:208,111
DA:209,111
DA:210,111
DA:211,111
DA:212,111
DA:213,111
DA:214,111
DA:215,111
DA:216,111
DA:217,111
DA:218,111
DA:219,111
DA:220,111
DA:221,111
DA:222,111
DA:223,85
DA:224,85
DA:225,85
DA:226,85
DA:227,85
DA:228,85
DA:229,111
LH:222
LF:229
end_of_record
SF:src/classes/Consumicion.mjs
FN:20,Consumicion
FN:30,agregarPorcion
FN:34,quitarPorcion
FN:38,noTienePorciones
FN:45,toPOJO
FN:56,fromPOJO
FNDA:45,Consumicion
FNDA:4,agregarPorcion
FNDA:1,quitarPorcion
FNDA:1,noTienePorciones
FNDA:37,toPOJO
FNDA:30,fromPOJO
FNF:6
FNH:6
BRDA:1,0,0,2
BRDA:20,1,0,45
BRDA:25,2,0,15
BRDA:27,3,0,15
BRDA:30,4,0,4
BRDA:34,5,0,1
BRDA:38,6,0,1
BRDA:45,7,0,37
BRDA:56,8,0,30
BRF:9
BRH:9
DA:1,2
DA:2,2
DA:3,2
DA:4,2
DA:5,2
DA:6,2
DA:7,2
DA:8,2
DA:9,2
DA:10,2
DA:11,2
DA:12,2
DA:13,2
DA:14,2
DA:15,2
DA:16,2
DA:17,2
DA:18,2
DA:19,2
DA:20,2
DA:21,45
DA:22,45
DA:23,45
DA:24,45
DA:25,45
DA:26,45
DA:27,45
DA:28,45
DA:29,2
DA:30,2
DA:31,4
DA:32,4
DA:33,2
DA:34,2
DA:35,1
DA:36,1
DA:37,2
DA:38,2
DA:39,1
DA:40,1
DA:41,2
DA:42,2
DA:43,2
DA:44,2
DA:45,2
DA:46,37
DA:47,37
DA:48,37
DA:49,37
DA:50,37
DA:51,37
DA:52,2
DA:53,2
DA:54,2
DA:55,2
DA:56,2
DA:57,30
DA:58,30
DA:59,30
DA:60,30
DA:61,30
DA:62,30
DA:63,2
LH:63
LF:63
end_of_record
SF:src/classes/Deuda.mjs
FN:17,Deuda
FN:26,toPOJO
FN:37,fromPOJO
FNDA:9,Deuda
FNDA:5,toPOJO
FNDA:2,fromPOJO
FNF:3
FNH:3
BRDA:1,0,0,2
BRDA:17,1,0,9
BRDA:26,2,0,5
BRDA:37,3,0,2
BRF:4
BRH:4
DA:1,2
DA:2,2
DA:3,2
DA:4,2
DA:5,2
DA:6,2
DA:7,2
DA:8,2
DA:9,2
DA:10,2
DA:11,2
DA:12,2
DA:13,2
DA:14,2
DA:15,2
DA:16,2
DA:17,2
DA:18,9
DA:19,9
DA:20,9
DA:21,9
DA:22,2
DA:23,2
DA:24,2
DA:25,2
DA:26,2
DA:27,5
DA:28,5
DA:29,5
DA:30,5
DA:31,5
DA:32,2
DA:33,2
DA:34,2
DA:35,2
DA:36,2
DA:37,2
DA:38,2
DA:39,2
DA:40,2
DA:41,2
DA:42,2
DA:43,2
LH:43
LF:43
end_of_record
SF:src/classes/Gasto.mjs
FN:13,<instance_members_initializer>
FN:19,Gasto
FN:29,get precio
FN:30,set precio
FN:38,toPOJO
FN:50,fromPOJO
FNDA:82,<instance_members_initializer>
FNDA:82,Gasto
FNDA:112,get precio
FNDA:86,set precio
FNDA:102,toPOJO
FNDA:61,fromPOJO
FNF:6
FNH:6
BRDA:1,0,0,2
BRDA:13,1,0,82
BRDA:19,2,0,82
BRDA:24,3,0,21
BRDA:29,4,0,112
BRDA:30,5,0,86
BRDA:31,6,0,0
BRDA:38,7,0,102
BRDA:50,8,0,61
BRF:9
BRH:8
DA:1,2
DA:2,2
DA:3,2
DA:4,2
DA:5,2
DA:6,2
DA:7,2
DA:8,2
DA:9,2
DA:10,2
DA:11,2
DA:12,2
DA:13,2
DA:14,82
DA:15,82
DA:16,82
DA:17,82
DA:18,82
DA:19,82
DA:20,82
DA:21,82
DA:22,82
DA:23,82
DA:24,82
DA:25,82
DA:26,82
DA:27,82
DA:28,82
DA:29,82
DA:30,82
DA:31,86
DA:32,86
DA:33,86
DA:34,82
DA:35,82
DA:36,82
DA:37,82
DA:38,82
DA:39,102
DA:40,102
DA:41,102
DA:42,102
DA:43,102
DA:44,102
DA:45,82
DA:46,82
DA:47,82
DA:48,82
DA:49,82
DA:50,82
DA:51,61
DA:52,61
DA:53,82
LH:53
LF:53
end_of_record
SF:src/classes/Item.mjs
FN:17,<instance_members_initializer>
FN:31,Item
FN:46,aumentarConsumicion
FN:47,anonymous_3
FN:58,reducirConsumicion
FN:59,anonymous_5
FN:69,eliminarConsumicionesDeUnaPersona
FN:70,anonymous_7
FN:73,eliminarTodasLasConsumiciones
FN:77,compartir
FN:81,dejarDeCompartir
FN:88,verResumenDeudas
FN:92,anonymous_12
FN:114,toPOJO
FN:118,anonymous_14
FN:127,fromPOJO
FN:131,anonymous_16
FNDA:66,<instance_members_initializer>
FNDA:66,Item
FNDA:19,aumentarConsumicion
FNDA:11,anonymous_3
FNDA:1,reducirConsumicion
FNDA:2,anonymous_5
FNDA:2,eliminarConsumicionesDeUnaPersona
FNDA:2,anonymous_7
FNDA:1,eliminarTodasLasConsumiciones
FNDA:1,compartir
FNDA:0,dejarDeCompartir
FNDA:7,verResumenDeudas
FNDA:2,anonymous_12
FNDA:55,toPOJO
FNDA:37,anonymous_14
FNDA:45,fromPOJO
FNDA:30,anonymous_16
FNF:17
FNH:16
BRDA:1,0,0,2
BRDA:17,1,0,66
BRDA:31,2,0,66
BRDA:37,3,0,21
BRDA:39,4,0,21
BRDA:46,5,0,19
BRDA:48,6,0,15
BRDA:50,7,0,4
BRDA:47,8,0,11
BRDA:58,9,0,1
BRDA:60,10,0,0
BRDA:64,11,0,0
BRDA:59,12,0,2
BRDA:69,13,0,2
BRDA:70,14,0,2
BRDA:73,15,0,1
BRDA:77,16,0,1
BRDA:88,17,0,7
BRDA:90,18,0,1
BRDA:94,19,0,2
BRDA:100,20,0,6
BRDA:101,21,0,5
BRDA:92,22,0,2
BRDA:114,23,0,55
BRDA:118,24,0,37
BRDA:127,25,0,45
BRDA:131,26,0,30
BRF:27
BRH:25
DA:1,2
DA:2,2
DA:3,2
DA:4,2
DA:5,2
DA:6,2
DA:7,2
DA:8,2
DA:9,2
DA:10,2
DA:11,2
DA:12,2
DA:13,2
DA:14,2
DA:15,2
DA:16,2
DA:17,2
DA:18,66
DA:19,66
DA:20,66
DA:21,66
DA:22,66
DA:23,66
DA:24,66
DA:25,66
DA:26,66
DA:27,66
DA:28,66
DA:29,66
DA:30,66
DA:31,66
DA:32,66
DA:33,66
DA:34,66
DA:35,66
DA:36,66
DA:37,66
DA:38,66
DA:39,66
DA:40,66
DA:41,66
DA:42,66
DA:43,66
DA:44,66
DA:45,66
DA:46,66
DA:47,19
DA:48,19
DA:49,15
DA:50,19
DA:51,4
DA:52,4
DA:53,19
DA:54,66
DA:55,66
DA:56,66
DA:57,66
DA:58,66
DA:59,1
DA:60,1
DA:61,1
DA:62,1
DA:63,1
DA:64,1
DA:65,0
DA:66,0
DA:67,1
DA:68,66
DA:69,66
DA:70,2
DA:71,2
DA:72,66
DA:73,66
DA:74,1
DA:75,1
DA:76,66
DA:77,66
DA:78,1
DA:79,1
DA:80,66
DA:81,66
DA:82,0
DA:83,0
DA:84,66
DA:85,66
DA:86,66
DA:87,66
DA:88,66
DA:89,7
DA:90,7
DA:91,1
DA:92,1
DA:93,1
DA:94,1
DA:95,2
DA:96,2
DA:97,2
DA:98,2
DA:99,2
DA:100,7
DA:101,6
DA:102,5
DA:103,5
DA:104,5
DA:105,5
DA:106,5
DA:107,6
DA:108,7
DA:109,7
DA:110,66
DA:111,66
DA:112,66
DA:113,66
DA:114,66
DA:115,55
DA:116,55
DA:117,55
DA:118,55
DA:119,55
DA:120,55
DA:121,55
DA:122,66
DA:123,66
DA:124,66
DA:125,66
DA:126,66
DA:127,66
DA:128,45
DA:129,45
DA:130,45
DA:131,45
DA:132,45
DA:133,45
DA:134,45
DA:135,66
LH:131
LF:135
end_of_record
SF:src/classes/Persona.mjs
FN:16,Persona
FN:27,toPOJO
FN:38,fromPOJO
FNDA:147,Persona
FNDA:181,toPOJO
FNDA:124,fromPOJO
FNF:3
FNH:3
BRDA:1,0,0,2
BRDA:16,1,0,147
BRDA:20,2,0,23
BRDA:27,3,0,181
BRDA:38,4,0,124
BRF:5
BRH:5
DA:1,2
DA:2,2
DA:3,2
DA:4,2
DA:5,2
DA:6,2
DA:7,2
DA:8,2
DA:9,2
DA:10,2
DA:11,2
DA:12,2
DA:13,2
DA:14,2
DA:15,2
DA:16,2
DA:17,147
DA:18,147
DA:19,147
DA:20,147
DA:21,147
DA:22,147
DA:23,2
DA:24,2
DA:25,2
DA:26,2
DA:27,2
DA:28,181
DA:29,181
DA:30,181
DA:31,181
DA:32,181
DA:33,2
DA:34,2
DA:35,2
DA:36,2
DA:37,2
DA:38,2
DA:39,124
DA:40,124
DA:41,2
LH:41
LF:41
end_of_record
SF:src/classes/ResumenDeudas.mjs
FN:7,ResumenDeudas
FN:14,add
FN:29,merge
FN:37,toArray
FNDA:23,ResumenDeudas
FNDA:14,add
FNDA:7,merge
FNDA:9,toArray
FNF:4
FNH:4
BRDA:1,0,0,2
BRDA:7,1,0,23
BRDA:14,2,0,14
BRDA:15,3,0,2
BRDA:18,4,0,0
BRDA:20,5,0,12
BRDA:29,6,0,7
BRDA:37,7,0,9
BRF:8
BRH:7
DA:1,2
DA:2,2
DA:3,2
DA:4,2
DA:5,2
DA:6,2
DA:7,2
DA:8,23
DA:9,23
DA:10,2
DA:11,2
DA:12,2
DA:13,2
DA:14,2
DA:15,14
DA:16,2
DA:17,2
DA:18,2
DA:19,2
DA:20,14
DA:21,12
DA:22,12
DA:23,14
DA:24,2
DA:25,2
DA:26,2
DA:27,2
DA:28,2
DA:29,2
DA:30,7
DA:31,7
DA:32,7
DA:33,7
DA:34,7
DA:35,7
DA:36,2
DA:37,2
DA:38,9
DA:39,9
DA:40,2
LH:40
LF:40
end_of_record
SF:src/classes/Sistema.mjs
FN:26,<instance_members_initializer>
FN:40,Sistema
FN:55,agendarPersona
FN:68,verPersonas
FN:70,anonymous_4
FN:73,verPersonasEnCompraEnCurso
FN:74,anonymous_6
FN:81,verSiPersonaEstaEnCompraEnCurso
FN:88,agregarPersonaACompraEnCurso
FN:99,quitarPersonaDeCompraEnCurso
FN:107,eliminarPersona
FN:113,eliminarTodasLasPersonas
FN:124,agendarGasto
FN:137,verGastos
FN:139,anonymous_14
FN:146,verSiGastoEstaEnCompraEnCurso
FN:153,agregarGastoACompraEnCurso
FN:164,modificarPrecioGasto
FN:178,quitarGastoDeCompraEnCurso
FN:190,eliminarGasto
FN:196,eliminarTodosLosGastos
FN:208,marcarGastoEnCompraComoCompartido
FN:216,marcarGastoEnCompraComoNoCompartido
FN:226,aumentarConsumicion
FN:234,reducirConsumicion
FN:242,verCompras
FN:248,verCompraEnCurso
FN:252,verItemsCompraEnCurso
FN:256,verDeudasCompraEnCurso
FN:257,anonymous_29
FN:260,init
FN:269,cerrarCompra
FN:275,eliminarTodasLasCompras
FN:282,reiniciar
FN:295,personaToPersonaViewDto
FN:307,gastoToGastoViewDto
FNDA:26,<instance_members_initializer>
FNDA:26,Sistema
FNDA:23,agendarPersona
FNDA:4,verPersonas
FNDA:2,anonymous_4
FNDA:4,verPersonasEnCompraEnCurso
FNDA:1,anonymous_6
FNDA:2,verSiPersonaEstaEnCompraEnCurso
FNDA:0,agregarPersonaACompraEnCurso
FNDA:6,quitarPersonaDeCompraEnCurso
FNDA:3,eliminarPersona
FNDA:3,eliminarTodasLasPersonas
FNDA:21,agendarGasto
FNDA:5,verGastos
FNDA:3,anonymous_14
FNDA:8,verSiGastoEstaEnCompraEnCurso
FNDA:0,agregarGastoACompraEnCurso
FNDA:2,modificarPrecioGasto
FNDA:6,quitarGastoDeCompraEnCurso
FNDA:3,eliminarGasto
FNDA:3,eliminarTodosLosGastos
FNDA:1,marcarGastoEnCompraComoCompartido
FNDA:0,marcarGastoEnCompraComoNoCompartido
FNDA:19,aumentarConsumicion
FNDA:1,reducirConsumicion
FNDA:0,verCompras
FNDA:0,verCompraEnCurso
FNDA:0,verItemsCompraEnCurso
FNDA:9,verDeudasCompraEnCurso
FNDA:5,anonymous_29
FNDA:26,init
FNDA:0,cerrarCompra
FNDA:0,eliminarTodasLasCompras
FNDA:0,reiniciar
FNDA:2,personaToPersonaViewDto
FNDA:3,gastoToGastoViewDto
FNF:36
FNH:27
BRDA:1,0,0,2
BRDA:26,1,0,26
BRDA:40,2,0,26
BRDA:55,3,0,23
BRDA:57,4,0,0
BRDA:68,5,0,4
BRDA:70,6,0,2
BRDA:73,7,0,4
BRDA:74,8,0,1
BRDA:81,9,0,2
BRDA:99,10,0,6
BRDA:107,11,0,3
BRDA:109,12,0,0
BRDA:113,13,0,3
BRDA:124,14,0,21
BRDA:126,15,0,0
BRDA:137,16,0,5
BRDA:139,17,0,3
BRDA:146,18,0,8
BRDA:164,19,0,2
BRDA:166,20,0,0
BRDA:178,21,0,6
BRDA:182,22,0,0
BRDA:190,23,0,3
BRDA:192,24,0,0
BRDA:196,25,0,3
BRDA:208,26,0,1
BRDA:226,27,0,19
BRDA:234,28,0,1
BRDA:256,29,0,9
BRDA:257,30,0,5
BRDA:260,31,0,26
BRDA:295,32,0,2
BRDA:307,33,0,3
BRF:34
BRH:28
DA:1,2
DA:2,2
DA:3,2
DA:4,2
DA:5,2
DA:6,2
DA:7,2
DA:8,2
DA:9,2
DA:10,2
DA:11,2
DA:12,2
DA:13,2
DA:14,2
DA:15,2
DA:16,2
DA:17,2
DA:18,2
DA:19,2
DA:20,2
DA:21,2
DA:22,2
DA:23,2
DA:24,2
DA:25,2
DA:26,2
DA:27,26
DA:28,26
DA:29,26
DA:30,26
DA:31,26
DA:32,26
DA:33,26
DA:34,26
DA:35,26
DA:36,26
DA:37,26
DA:38,26
DA:39,26
DA:40,26
DA:41,26
DA:42,26
DA:43,26
DA:44,26
DA:45,26
DA:46,26
DA:47,26
DA:48,26
DA:49,26
DA:50,26
DA:51,26
DA:52,26
DA:53,26
DA:54,26
DA:55,26
DA:56,23
DA:57,23
DA:58,23
DA:59,23
DA:60,23
DA:61,23
DA:62,23
DA:63,23
DA:64,23
DA:65,23
DA:66,23
DA:67,26
DA:68,26
DA:69,4
DA:70,4
DA:71,4
DA:72,26
DA:73,26
DA:74,4
DA:75,4
DA:76,26
DA:77,26
DA:78,26
DA:79,26
DA:80,26
DA:81,26
DA:82,2
DA:83,2
DA:84,26
DA:85,26
DA:86,26
DA:87,26
DA:88,26
DA:89,0
DA:90,0
DA:91,0
DA:92,0
DA:93,0
DA:94,0
DA:95,26
DA:96,26
DA:97,26
DA:98,26
DA:99,26
DA:100,6
DA:101,6
DA:102,6
DA:103,26
DA:104,26
DA:105,26
DA:106,26
DA:107,26
DA:108,3
DA:109,3
DA:110,3
DA:111,3
DA:112,26
DA:113,26
DA:114,3
DA:115,3
DA:116,3
DA:117,3
DA:118,26
DA:119,26
DA:120,26
DA:121,26
DA:122,26
DA:123,26
DA:124,26
DA:125,21
DA:126,21
DA:127,21
DA:128,21
DA:129,21
DA:130,21
DA:131,21
DA:132,21
DA:133,21
DA:134,21
DA:135,21
DA:136,26
DA:137,26
DA:138,5
DA:139,5
DA:140,5
DA:141,26
DA:142,26
DA:143,26
DA:144,26
DA:145,26
DA:146,26
DA:147,8
DA:148,8
DA:149,26
DA:150,26
DA:151,26
DA:152,26
DA:153,26
DA:154,0
DA:155,0
DA:156,0
DA:157,0
DA:158,0
DA:159,0
DA:160,26
DA:161,26
DA:162,26
DA:163,26
DA:164,26
DA:165,2
DA:166,2
DA:167,2
DA:168,2
DA:169,2
DA:170,2
DA:171,2
DA:172,2
DA:173,2
DA:174,26
DA:175,26
DA:176,26
DA:177,26
DA:178,26
DA:179,6
DA:180,6
DA:181,6
DA:182,6
DA:183,0
DA:184,0
DA:185,6
DA:186,26
DA:187,26
DA:188,26
DA:189,26
DA:190,26
DA:191,3
DA:192,3
DA:193,3
DA:194,3
DA:195,26
DA:196,26
DA:197,3
DA:198,3
DA:199,3
DA:200,3
DA:201,3
DA:202,26
DA:203,26
DA:204,26
DA:205,26
DA:206,26
DA:207,26
DA:208,26
DA:209,1
DA:210,1
DA:211,1
DA:212,26
DA:213,26
DA:214,26
DA:215,26
DA:216,26
DA:217,0
DA:218,0
DA:219,0
DA:220,26
DA:221,26
DA:222,26
DA:223,26
DA:224,26
DA:225,26
DA:226,26
DA:227,19
DA:228,19
DA:229,19
DA:230,26
DA:231,26
DA:232,26
DA:233,26
DA:234,26
DA:235,1
DA:236,1
DA:237,1
DA:238,26
DA:239,26
DA:240,26
DA:241,26
DA:242,26
DA:243,0
DA:244,0
DA:245,0
DA:246,26
DA:247,26
DA:248,26
DA:249,0
DA:250,0
DA:251,26
DA:252,26
DA:253,0
DA:254,0
DA:255,26
DA:256,26
DA:257,9
DA:258,9
DA:259,26
DA:260,26
DA:261,26
DA:262,26
DA:263,26
DA:264,26
DA:265,26
DA:266,26
DA:267,26
DA:268,26
DA:269,26
DA:270,0
DA:271,0
DA:272,0
DA:273,26
DA:274,26
DA:275,26
DA:276,0
DA:277,0
DA:278,26
DA:279,26
DA:280,26
DA:281,26
DA:282,26
DA:283,0
DA:284,0
DA:285,0
DA:286,0
DA:287,0
DA:288,26
DA:289,26
DA:290,26
DA:291,26
DA:292,26
DA:293,26
DA:294,26
DA:295,26
DA:296,2
DA:297,2
DA:298,2
DA:299,2
DA:300,2
DA:301,2
DA:302,26
DA:303,26
DA:304,26
DA:305,26
DA:306,26
DA:307,26
DA:308,3
DA:309,3
DA:310,3
DA:311,3
DA:312,3
DA:313,3
DA:314,3
DA:315,26
LH:281
LF:315
end_of_record
SF:src/config/environment.mjs
FNF:0
FNH:0
BRDA:1,0,0,2
BRF:1
BRH:1
DA:1,2
DA:2,2
DA:3,2
LH:3
LF:3
end_of_record
SF:src/repositories/compras.repository.mjs
FN:6,ComprasRepository
FN:17,findNewest
FN:26,findAll
FN:35,save
FN:50,deleteAll
FN:58,#store
FN:69,#load
FN:37,anonymous_7
FN:59,anonymous_8
FN:72,anonymous_9
FNDA:26,ComprasRepository
FNDA:26,findNewest
FNDA:0,findAll
FNDA:111,save
FNDA:0,deleteAll
FNDA:111,#store
FNDA:137,#load
FNDA:85,anonymous_7
FNDA:111,anonymous_8
FNDA:85,anonymous_9
FNF:10
FNH:8
BRDA:1,0,0,2
BRDA:6,1,0,26
BRDA:17,2,0,26
BRDA:35,3,0,111
BRDA:39,4,0,26
BRDA:41,5,0,85
BRDA:58,6,0,111
BRDA:69,7,0,137
BRDA:37,8,0,85
BRDA:59,9,0,111
BRDA:72,10,0,85
BRF:11
BRH:11
DA:1,2
DA:2,2
DA:3,2
DA:4,2
DA:5,2
DA:6,2
DA:7,26
DA:8,26
DA:9,26
DA:10,26
DA:11,26
DA:12,2
DA:13,2
DA:14,2
DA:15,2
DA:16,2
DA:17,2
DA:18,26
DA:19,26
DA:20,26
DA:21,2
DA:22,2
DA:23,2
DA:24,2
DA:25,2
DA:26,2
DA:27,0
DA:28,0
DA:29,0
DA:30,2
DA:31,2
DA:32,2
DA:33,2
DA:34,2
DA:35,2
DA:36,111
DA:37,111
DA:38,111
DA:39,111
DA:40,26
DA:41,111
DA:42,85
DA:43,85
DA:44,111
DA:45,111
DA:46,2
DA:47,2
DA:48,2
DA:49,2
DA:50,2
DA:51,0
DA:52,0
DA:53,0
DA:54,2
DA:55,2
DA:56,2
DA:57,2
DA:58,2
DA:59,111
DA:60,111
DA:61,111
DA:62,111
DA:63,111
DA:64,111
DA:65,2
DA:66,2
DA:67,2
DA:68,2
DA:69,2
DA:70,137
DA:71,137
DA:72,137
DA:73,137
DA:74,2
LH:68
LF:74
end_of_record
SF:src/repositories/gastos.repository.mjs
FN:7,GastosRepository
FN:19,findById
FN:29,findByNombre
FN:40,findAll
FN:52,save
FN:69,deleteById
FN:83,deleteAll
FN:91,#store
FN:98,#load
FN:21,anonymous_9
FN:32,anonymous_10
FN:54,anonymous_11
FN:71,anonymous_12
FN:92,anonymous_13
FN:101,anonymous_14
FNDA:26,GastosRepository
FNDA:2,findById
FNDA:21,findByNombre
FNDA:5,findAll
FNDA:23,save
FNDA:3,deleteById
FNDA:3,deleteAll
FNDA:29,#store
FNDA:54,#load
FNDA:2,anonymous_9
FNDA:3,anonymous_10
FNDA:5,anonymous_11
FNDA:3,anonymous_12
FNDA:26,anonymous_13
FNDA:16,anonymous_14
FNF:15
FNH:15
BRDA:1,0,0,2
BRDA:7,1,0,26
BRDA:19,2,0,2
BRDA:29,3,0,21
BRDA:40,4,0,5
BRDA:52,5,0,23
BRDA:55,6,0,21
BRDA:57,7,0,2
BRDA:69,8,0,3
BRDA:83,9,0,3
BRDA:91,10,0,29
BRDA:98,11,0,54
BRDA:21,12,0,2
BRDA:32,13,0,3
BRDA:54,14,0,5
BRDA:71,15,0,3
BRDA:92,16,0,26
BRDA:101,17,0,16
BRF:18
BRH:18
DA:1,2
DA:2,2
DA:3,2
DA:4,2
DA:5,2
DA:6,2
DA:7,2
DA:8,26
DA:9,26
DA:10,26
DA:11,26
DA:12,26
DA:13,2
DA:14,2
DA:15,2
DA:16,2
DA:17,2
DA:18,2
DA:19,2
DA:20,2
DA:21,2
DA:22,2
DA:23,2
DA:24,2
DA:25,2
DA:26,2
DA:27,2
DA:28,2
DA:29,2
DA:30,21
DA:31,21
DA:32,21
DA:33,21
DA:34,21
DA:35,2
DA:36,2
DA:37,2
DA:38,2
DA:39,2
DA:40,2
DA:41,5
DA:42,5
DA:43,5
DA:44,5
DA:45,5
DA:46,2
DA:47,2
DA:48,2
DA:49,2
DA:50,2
DA:51,2
DA:52,2
DA:53,23
DA:54,23
DA:55,23
DA:56,21
DA:57,23
DA:58,2
DA:59,2
DA:60,23
DA:61,23
DA:62,23
DA:63,2
DA:64,2
DA:65,2
DA:66,2
DA:67,2
DA:68,2
DA:69,2
DA:70,3
DA:71,3
DA:72,3
DA:73,3
DA:74,3
DA:75,3
DA:76,3
DA:77,3
DA:78,3
DA:79,2
DA:80,2
DA:81,2
DA:82,2
DA:83,2
DA:84,3
DA:85,3
DA:86,3
DA:87,2
DA:88,2
DA:89,2
DA:90,2
DA:91,2
DA:92,29
DA:93,29
DA:94,2
DA:95,2
DA:96,2
DA:97,2
DA:98,2
DA:99,54
DA:100,54
DA:101,54
DA:102,54
DA:103,2
LH:103
LF:103
end_of_record
SF:src/repositories/personas.repository.mjs
FN:7,PersonasRepository
FN:19,findById
FN:29,findByNombre
FN:40,findAll
FN:52,save
FN:69,deleteById
FN:83,deleteAll
FN:91,#store
FN:98,#load
FN:32,anonymous_9
FN:54,anonymous_10
FN:71,anonymous_11
FN:92,anonymous_12
FN:101,anonymous_13
FNDA:26,PersonasRepository
FNDA:0,findById
FNDA:23,findByNombre
FNDA:4,findAll
FNDA:23,save
FNDA:3,deleteById
FNDA:3,deleteAll
FNDA:29,#store
FNDA:53,#load
FNDA:6,anonymous_9
FNDA:6,anonymous_10
FNDA:3,anonymous_11
FNDA:29,anonymous_12
FNDA:17,anonymous_13
FNF:14
FNH:13
BRDA:1,0,0,2
BRDA:7,1,0,26
BRDA:29,2,0,23
BRDA:40,3,0,4
BRDA:52,4,0,23
BRDA:57,5,0,0
BRDA:69,6,0,3
BRDA:83,7,0,3
BRDA:91,8,0,29
BRDA:98,9,0,53
BRDA:32,10,0,6
BRDA:54,11,0,6
BRDA:71,12,0,3
BRDA:92,13,0,29
BRDA:101,14,0,17
BRF:15
BRH:14
DA:1,2
DA:2,2
DA:3,2
DA:4,2
DA:5,2
DA:6,2
DA:7,2
DA:8,26
DA:9,26
DA:10,26
DA:11,26
DA:12,26
DA:13,2
DA:14,2
DA:15,2
DA:16,2
DA:17,2
DA:18,2
DA:19,2
DA:20,0
DA:21,0
DA:22,0
DA:23,2
DA:24,2
DA:25,2
DA:26,2
DA:27,2
DA:28,2
DA:29,2
DA:30,23
DA:31,23
DA:32,23
DA:33,23
DA:34,23
DA:35,2
DA:36,2
DA:37,2
DA:38,2
DA:39,2
DA:40,2
DA:41,4
DA:42,4
DA:43,4
DA:44,4
DA:45,4
DA:46,2
DA:47,2
DA:48,2
DA:49,2
DA:50,2
DA:51,2
DA:52,2
DA:53,23
DA:54,23
DA:55,23
DA:56,23
DA:57,23
DA:58,0
DA:59,0
DA:60,23
DA:61,23
DA:62,23
DA:63,2
DA:64,2
DA:65,2
DA:66,2
DA:67,2
DA:68,2
DA:69,2
DA:70,3
DA:71,3
DA:72,3
DA:73,3
DA:74,3
DA:75,3
DA:76,3
DA:77,3
DA:78,3
DA:79,2
DA:80,2
DA:81,2
DA:82,2
DA:83,2
DA:84,3
DA:85,3
DA:86,3
DA:87,2
DA:88,2
DA:89,2
DA:90,2
DA:91,2
DA:92,29
DA:93,29
DA:94,2
DA:95,2
DA:96,2
DA:97,2
DA:98,2
DA:99,53
DA:100,53
DA:101,53
DA:102,53
DA:103,2
LH:98
LF:103
end_of_record
SF:src/storages/memory-storage.mjs
FN:5,MemoryStorage
FN:10,read
FN:14,write
FNDA:78,MemoryStorage
FNDA:244,read
FNDA:169,write
FNF:3
FNH:3
BRDA:1,0,0,2
BRDA:5,1,0,78
BRDA:10,2,0,244
BRDA:14,3,0,169
BRF:4
BRH:4
DA:1,2
DA:2,2
DA:3,2
DA:4,2
DA:5,2
DA:6,78
DA:7,78
DA:8,78
DA:9,2
DA:10,2
DA:11,244
DA:12,244
DA:13,2
DA:14,2
DA:15,169
DA:16,169
DA:17,2
LH:17
LF:17
end_of_record
SF:src/storages/storage.mjs
FN:2,Storage
FN:9,read
FN:16,write
FNDA:78,Storage
FNDA:0,read
FNDA:0,write
FNF:3
FNH:1
BRDA:1,0,0,2
BRDA:2,1,0,78
BRF:2
BRH:2
DA:1,2
DA:2,2
DA:3,78
DA:4,78
DA:5,2
DA:6,2
DA:7,2
DA:8,2
DA:9,2
DA:10,0
DA:11,0
DA:12,2
DA:13,2
DA:14,2
DA:15,2
DA:16,2
DA:17,0
DA:18,0
DA:19,2
LH:15
LF:19
end_of_record
SF:src/utils/ids.mjs
FN:1,randInt
FN:6,randomId
FNDA:106,randInt
FNDA:106,randomId
FNF:2
FNH:2
BRDA:1,0,0,2
BRDA:1,1,0,106
BRDA:6,2,0,106
BRF:3
BRH:3
DA:1,106
DA:2,106
DA:3,106
DA:4,106
DA:5,106
DA:6,2
DA:7,106
DA:8,106
LH:8
LF:8
end_of_record
SF:src/utils/logger.mjs
FN:3,write
FN:8,error
FN:11,trace
FN:14,debug
FNDA:9,write
FNDA:0,error
FNDA:9,trace
FNDA:0,debug
FNF:4
FNH:2
BRDA:1,0,0,2
BRDA:3,1,0,9
BRDA:4,2,0,0
BRDA:11,3,0,9
BRF:4
BRH:3
DA:1,2
DA:2,2
DA:3,9
DA:4,9
DA:5,9
DA:6,2
DA:7,2
DA:8,2
DA:9,0
DA:10,2
DA:11,2
DA:12,9
DA:13,2
DA:14,2
DA:15,0
DA:16,0
DA:17,2
LH:14
LF:17
end_of_record
SF:test/sistema.test.mjs
FN:15,anonymous_0
FN:16,anonymous_1
FN:17,anonymous_2
FN:18,anonymous_3
FN:28,anonymous_4
FN:40,anonymous_5
FN:41,anonymous_6
FN:53,anonymous_7
FN:65,anonymous_8
FN:81,anonymous_9
FN:82,anonymous_10
FN:94,anonymous_11
FN:106,anonymous_12
FN:122,anonymous_13
FN:123,anonymous_14
FN:136,anonymous_15
FN:149,anonymous_16
FN:167,anonymous_17
FN:169,anonymous_18
FN:170,anonymous_19
FN:180,anonymous_20
FN:192,anonymous_21
FN:193,anonymous_22
FN:205,anonymous_23
FN:217,anonymous_24
FN:233,anonymous_25
FN:234,anonymous_26
FN:246,anonymous_27
FN:258,anonymous_28
FN:274,anonymous_29
FN:275,anonymous_30
FN:288,anonymous_31
FN:308,anonymous_32
FN:326,anonymous_33
FN:327,anonymous_34
FN:338,anonymous_35
FN:354,anonymous_36
FN:355,anonymous_37
FN:356,anonymous_38
FN:381,anonymous_39
FN:382,anonymous_40
FNDA:1,anonymous_0
FNDA:1,anonymous_1
FNDA:1,anonymous_2
FNDA:1,anonymous_3
FNDA:1,anonymous_4
FNDA:1,anonymous_5
FNDA:1,anonymous_6
FNDA:1,anonymous_7
FNDA:1,anonymous_8
FNDA:1,anonymous_9
FNDA:1,anonymous_10
FNDA:1,anonymous_11
FNDA:1,anonymous_12
FNDA:1,anonymous_13
FNDA:1,anonymous_14
FNDA:1,anonymous_15
FNDA:1,anonymous_16
FNDA:1,anonymous_17
FNDA:1,anonymous_18
FNDA:1,anonymous_19
FNDA:1,anonymous_20
FNDA:1,anonymous_21
FNDA:1,anonymous_22
FNDA:1,anonymous_23
FNDA:1,anonymous_24
FNDA:1,anonymous_25
FNDA:1,anonymous_26
FNDA:1,anonymous_27
FNDA:1,anonymous_28
FNDA:1,anonymous_29
FNDA:1,anonymous_30
FNDA:1,anonymous_31
FNDA:1,anonymous_32
FNDA:1,anonymous_33
FNDA:1,anonymous_34
FNDA:1,anonymous_35
FNDA:1,anonymous_36
FNDA:1,anonymous_37
FNDA:1,anonymous_38
FNDA:1,anonymous_39
FNDA:1,anonymous_40
FNF:41
FNH:41
BRDA:1,0,0,1
BRDA:15,1,0,1
BRDA:16,2,0,1
BRDA:17,3,0,1
BRDA:18,4,0,1
BRDA:28,5,0,1
BRDA:40,6,0,1
BRDA:41,7,0,1
BRDA:53,8,0,1
BRDA:65,9,0,1
BRDA:81,10,0,1
BRDA:82,11,0,1
BRDA:94,12,0,1
BRDA:106,13,0,1
BRDA:122,14,0,1
BRDA:123,15,0,1
BRDA:136,16,0,1
BRDA:149,17,0,1
BRDA:167,18,0,1
BRDA:169,19,0,1
BRDA:170,20,0,1
BRDA:180,21,0,1
BRDA:192,22,0,1
BRDA:193,23,0,1
BRDA:205,24,0,1
BRDA:217,25,0,1
BRDA:233,26,0,1
BRDA:234,27,0,1
BRDA:246,28,0,1
BRDA:258,29,0,1
BRDA:274,30,0,1
BRDA:275,31,0,1
BRDA:288,32,0,1
BRDA:308,33,0,1
BRDA:326,34,0,1
BRDA:327,35,0,1
BRDA:338,36,0,1
BRDA:354,37,0,1
BRDA:355,38,0,1
BRDA:356,39,0,1
BRDA:381,40,0,1
BRDA:382,41,0,1
BRF:42
BRH:42
DA:1,1
DA:2,1
DA:3,1
DA:4,1
DA:5,1
DA:6,1
DA:7,1
DA:8,1
DA:9,1
DA:10,1
DA:11,1
DA:12,1
DA:13,1
DA:14,1
DA:15,1
DA:16,1
DA:17,1
DA:18,1
DA:19,1
DA:20,1
DA:21,1
DA:22,1
DA:23,1
DA:24,1
DA:25,1
DA:26,1
DA:27,1
DA:28,1
DA:29,1
DA:30,1
DA:31,1
DA:32,1
DA:33,1
DA:34,1
DA:35,1
DA:36,1
DA:37,1
DA:38,1
DA:39,1
DA:40,1
DA:41,1
DA:42,1
DA:43,1
DA:44,1
DA:45,1
DA:46,1
DA:47,1
DA:48,1
DA:49,1
DA:50,1
DA:51,1
DA:52,1
DA:53,1
DA:54,1
DA:55,1
DA:56,1
DA:57,1
DA:58,1
DA:59,1
DA:60,1
DA:61,1
DA:62,1
DA:63,1
DA:64,1
DA:65,1
DA:66,1
DA:67,1
DA:68,1
DA:69,1
DA:70,1
DA:71,1
DA:72,1
DA:73,1
DA:74,1
DA:75,1
DA:76,1
DA:77,1
DA:78,1
DA:79,1
DA:80,1
DA:81,1
DA:82,1
DA:83,1
DA:84,1
DA:85,1
DA:86,1
DA:87,1
DA:88,1
DA:89,1
DA:90,1
DA:91,1
DA:92,1
DA:93,1
DA:94,1
DA:95,1
DA:96,1
DA:97,1
DA:98,1
DA:99,1
DA:100,1
DA:101,1
DA:102,1
DA:103,1
DA:104,1
DA:105,1
DA:106,1
DA:107,1
DA:108,1
DA:109,1
DA:110,1
DA:111,1
DA:112,1
DA:113,1
DA:114,1
DA:115,1
DA:116,1
DA:117,1
DA:118,1
DA:119,1
DA:120,1
DA:121,1
DA:122,1
DA:123,1
DA:124,1
DA:125,1
DA:126,1
DA:127,1
DA:128,1
DA:129,1
DA:130,1
DA:131,1
DA:132,1
DA:133,1
DA:134,1
DA:135,1
DA:136,1
DA:137,1
DA:138,1
DA:139,1
DA:140,1
DA:141,1
DA:142,1
DA:143,1
DA:144,1
DA:145,1
DA:146,1
DA:147,1
DA:148,1
DA:149,1
DA:150,1
DA:151,1
DA:152,1
DA:153,1
DA:154,1
DA:155,1
DA:156,1
DA:157,1
DA:158,1
DA:159,1
DA:160,1
DA:161,1
DA:162,1
DA:163,1
DA:164,1
DA:165,1
DA:166,1
DA:167,1
DA:168,1
DA:169,1
DA:170,1
DA:171,1
DA:172,1
DA:173,1
DA:174,1
DA:175,1
DA:176,1
DA:177,1
DA:178,1
DA:179,1
DA:180,1
DA:181,1
DA:182,1
DA:183,1
DA:184,1
DA:185,1
DA:186,1
DA:187,1
DA:188,1
DA:189,1
DA:190,1
DA:191,1
DA:192,1
DA:193,1
DA:194,1
DA:195,1
DA:196,1
DA:197,1
DA:198,1
DA:199,1
DA:200,1
DA:201,1
DA:202,1
DA:203,1
DA:204,1
DA:205,1
DA:206,1
DA:207,1
DA:208,1
DA:209,1
DA:210,1
DA:211,1
DA:212,1
DA:213,1
DA:214,1
DA:215,1
DA:216,1
DA:217,1
DA:218,1
DA:219,1
DA:220,1
DA:221,1
DA:222,1
DA:223,1
DA:224,1
DA:225,1
DA:226,1
DA:227,1
DA:228,1
DA:229,1
DA:230,1
DA:231,1
DA:232,1
DA:233,1
DA:234,1
DA:235,1
DA:236,1
DA:237,1
DA:238,1
DA:239,1
DA:240,1
DA:241,1
DA:242,1
DA:243,1
DA:244,1
DA:245,1
DA:246,1
DA:247,1
DA:248,1
DA:249,1
DA:250,1
DA:251,1
DA:252,1
DA:253,1
DA:254,1
DA:255,1
DA:256,1
DA:257,1
DA:258,1
DA:259,1
DA:260,1
DA:261,1
DA:262,1
DA:263,1
DA:264,1
DA:265,1
DA:266,1
DA:267,1
DA:268,1
DA:269,1
DA:270,1
DA:271,1
DA:272,1
DA:273,1
DA:274,1
DA:275,1
DA:276,1
DA:277,1
DA:278,1
DA:279,1
DA:280,1
DA:281,1
DA:282,1
DA:283,1
DA:284,1
DA:285,1
DA:286,1
DA:287,1
DA:288,1
DA:289,1
DA:290,1
DA:291,1
DA:292,1
DA:293,1
DA:294,1
DA:295,1
DA:296,1
DA:297,1
DA:298,1
DA:299,1
DA:300,1
DA:301,1
DA:302,1
DA:303,1
DA:304,1
DA:305,1
DA:306,1
DA:307,1
DA:308,1
DA:309,1
DA:310,1
DA:311,1
DA:312,1
DA:313,1
DA:314,1
DA:315,1
DA:316,1
DA:317,1
DA:318,1
DA:319,1
DA:320,1
DA:321,1
DA:322,1
DA:323,1
DA:324,1
DA:325,1
DA:326,1
DA:327,1
DA:328,1
DA:329,1
DA:330,1
DA:331,1
DA:332,1
DA:333,1
DA:334,1
DA:335,1
DA:336,1
DA:337,1
DA:338,1
DA:339,1
DA:340,1
DA:341,1
DA:342,1
DA:343,1
DA:344,1
DA:345,1
DA:346,1
DA:347,1
DA:348,1
DA:349,1
DA:350,1
DA:351,1
DA:352,1
DA:353,1
DA:354,1
DA:355,1
DA:356,1
DA:357,1
DA:358,1
DA:359,1
DA:360,1
DA:361,1
DA:362,1
DA:363,1
DA:364,1
DA:365,1
DA:366,1
DA:367,1
DA:368,1
DA:369,1
DA:370,1
DA:371,1
DA:372,1
DA:373,1
DA:374,1
DA:375,1
DA:376,1
DA:377,1
DA:378,1
DA:379,1
DA:380,1
DA:381,1
DA:382,1
DA:383,1
DA:384,1
DA:385,1
DA:386,1
DA:387,1
DA:388,1
DA:389,1
DA:390,1
DA:391,1
DA:392,1
DA:393,1
DA:394,1
DA:395,1
DA:396,1
DA:397,1
DA:398,1
DA:399,1
DA:400,1
DA:401,1
DA:402,1
DA:403,1
DA:404,1
DA:405,1
DA:406,1
DA:407,1
DA:408,1
DA:409,1
DA:410,1
DA:411,1
DA:412,1
DA:413,1
DA:414,1
DA:415,1
DA:416,1
DA:417,1
DA:418,1
DA:419,1
DA:420,1
DA:421,1
DA:422,1
DA:423,1
DA:424,1
DA:425,1
DA:426,1
DA:427,1
DA:428,1
DA:429,1
DA:430,1
DA:431,1
DA:432,1
DA:433,1
DA:434,1
DA:435,1
DA:436,1
DA:437,1
DA:438,1
DA:439,1
DA:440,1
DA:441,1
DA:442,1
DA:443,1
DA:444,1
DA:445,1
DA:446,1
DA:447,1
DA:448,1
DA:449,1
DA:450,1
DA:451,1
DA:452,1
DA:453,1
DA:454,1
DA:455,1
DA:456,1
DA:457,1
DA:458,1
DA:459,1
DA:460,1
DA:461,1
DA:462,1
DA:463,1
DA:464,1
DA:465,1
DA:466,1
DA:467,1
DA:468,1
DA:469,1
DA:470,1
DA:471,1
DA:472,1
DA:473,1
DA:474,1
DA:475,1
DA:476,1
DA:477,1
DA:478,1
DA:479,1
DA:480,1
DA:481,1
DA:482,1
DA:483,1
DA:484,1
DA:485,1
DA:486,1
DA:487,1
DA:488,1
DA:489,1
DA:490,1
DA:491,1
DA:492,1
DA:493,1
DA:494,1
DA:495,1
DA:496,1
DA:497,1
DA:498,1
DA:499,1
DA:500,1
DA:501,1
DA:502,1
DA:503,1
DA:504,1
DA:505,1
DA:506,1
DA:507,1
DA:508,1
DA:509,1
DA:510,1
DA:511,1
DA:512,1
DA:513,1
DA:514,1
DA:515,1
DA:516,1
DA:517,1
DA:518,1
DA:519,1
DA:520,1
DA:521,1
DA:522,1
DA:523,1
DA:524,1
DA:525,1
DA:526,1
DA:527,1
DA:528,1
DA:529,1
DA:530,1
DA:531,1
DA:532,1
DA:533,1
DA:534,1
DA:535,1
DA:536,1
DA:537,1
DA:538,1
DA:539,1
DA:540,1
DA:541,1
DA:542,1
LH:542
LF:542
end_of_record
SF:test/utils/utils.mjs
FN:8,mockearDeudas
FN:13,mockearPersonas
FN:18,mockearGastos
FN:22,crearSistema
FN:9,anonymous_4
FN:14,anonymous_5
FN:19,anonymous_6
FNDA:3,mockearDeudas
FNDA:2,mockearPersonas
FNDA:3,mockearGastos
FNDA:26,crearSistema
FNDA:5,anonymous_4
FNDA:2,anonymous_5
FNDA:3,anonymous_6
FNF:7
FNH:7
BRDA:1,0,0,2
BRDA:8,1,0,3
BRDA:13,2,0,2
BRDA:18,3,0,3
BRDA:22,4,0,26
BRDA:9,5,0,5
BRDA:14,6,0,2
BRDA:19,7,0,3
BRF:8
BRH:8
DA:1,2
DA:2,2
DA:3,2
DA:4,2
DA:5,2
DA:6,2
DA:7,2
DA:8,2
DA:9,3
DA:10,3
DA:11,2
DA:12,2
DA:13,2
DA:14,2
DA:15,2
DA:16,2
DA:17,2
DA:18,2
DA:19,3
DA:20,3
DA:21,2
DA:22,2
DA:23,26
DA:24,26
DA:25,26
DA:26,26
DA:27,26
DA:28,26
DA:29,26
DA:30,26
DA:31,26
DA:32,26
DA:33,26
DA:34,26
DA:35,26
DA:36,26
DA:37,26
DA:38,26
DA:39,26
DA:40,26
DA:41,2
LH:41
LF:41
end_of_record
